<?xml version="1.0" encoding="UTF-8"?>
<!-- Generated by org.testng.reporters.JUnitReportReporter -->
<testsuite skipped="0" hostname="Shahnazs-MBP.fios-router.home" name="testHomePage.TestSearch" tests="1" failures="0" timestamp="23 Jan 2019 03:43:48 GMT" time="4.214" errors="0">
  <testcase name="searchItemsDB" time="4.214" classname="testHomePage.TestSearch"/>
</testsuite> <!-- testHomePage.TestSearch -->
