<?xml version="1.0" encoding="UTF-8"?>
<!-- Generated by org.testng.reporters.JUnitReportReporter -->
<testsuite skipped="0" hostname="Shahnazs-MBP.fios-router.home" name="testHomePage.TestSearchBox" tests="1" failures="0" timestamp="23 Jan 2019 03:03:35 GMT" time="6.936" errors="0">
  <testcase name="getResultOfSearchBox" time="6.936" classname="testHomePage.TestSearchBox"/>
</testsuite> <!-- testHomePage.TestSearchBox -->
