<?xml version="1.0" encoding="UTF-8"?>
<!-- Generated by org.testng.reporters.JUnitReportReporter -->
<testsuite skipped="0" hostname="Shahnazs-MBP.fios-router.home" name="testHomePage.TestSignUp" tests="4" failures="0" timestamp="22 Jan 2019 02:33:45 GMT" time="39.557" errors="0">
  <testcase name="test1" time="10.732" classname="testHomePage.TestSignUp"/>
  <testcase name="test" time="8.882" classname="testHomePage.TestSignUp"/>
  <testcase name="test2" time="9.983" classname="testHomePage.TestSignUp"/>
  <testcase name="test5" time="9.960" classname="testHomePage.TestSignUp"/>
</testsuite> <!-- testHomePage.TestSignUp -->
